{"/home/xiaoxuan/workspace/simple-virtual-dom-es6/build/karma.conf.js":{"path":"/home/xiaoxuan/workspace/simple-virtual-dom-es6/build/karma.conf.js","s":{"1":1,"2":1,"3":1,"4":1},"b":{},"f":{"1":1},"fnMap":{"1":{"name":"(anonymous_1)","line":4,"loc":{"start":{"line":4,"column":17},"end":{"line":4,"column":35}}}},"statementMap":{"1":{"start":{"line":1,"column":0},"end":{"line":1,"column":48}},"2":{"start":{"line":2,"column":0},"end":{"line":2,"column":24}},"3":{"start":{"line":4,"column":0},"end":{"line":18,"column":1}},"4":{"start":{"line":5,"column":2},"end":{"line":17,"column":4}}},"branchMap":{}},"/home/xiaoxuan/workspace/simple-virtual-dom-es6/build/webpack.base.conf.js":{"path":"/home/xiaoxuan/workspace/simple-virtual-dom-es6/build/webpack.base.conf.js","s":{"1":1,"2":1},"b":{},"f":{},"fnMap":{},"statementMap":{"1":{"start":{"line":1,"column":0},"end":{"line":1,"column":26}},"2":{"start":{"line":3,"column":0},"end":{"line":33,"column":1}}},"branchMap":{}}}